<?xml version="1.0" encoding="UTF-8"?>
<!-- Generated by org.testng.reporters.JUnitReportReporter -->
<testsuite hostname="DESKTOP-5OT4PUP" failures="0" tests="3" name="SeleniumGrid.AmazonWebUsingParallelTest" time="83.231" errors="0" timestamp="2025-08-05T21:48:00 IST" skipped="0">
  <testcase classname="SeleniumGrid.AmazonWebUsingParallelTest" name="crossBrowserTest" time="26.093"/>
  <testcase classname="SeleniumGrid.AmazonWebUsingParallelTest" name="crossBrowserTest" time="25.846"/>
  <testcase classname="SeleniumGrid.AmazonWebUsingParallelTest" name="crossBrowserTest" time="31.292"/>
</testsuite> <!-- SeleniumGrid.AmazonWebUsingParallelTest -->
