<?xml version="1.0" encoding="UTF-8"?>
<!-- Generated by org.testng.reporters.JUnitReportReporter -->
<testsuite hostname="DESKTOP-5OT4PUP" failures="0" tests="3" name="SeleniumGrid.AmazonWebUsingParallelTest" time="112.334" errors="0" timestamp="2025-08-05T22:24:18 IST" skipped="0">
  <testcase classname="SeleniumGrid.AmazonWebUsingParallelTest" name="crossBrowserTest" time="42.901"/>
  <testcase classname="SeleniumGrid.AmazonWebUsingParallelTest" name="crossBrowserTest" time="37.404"/>
  <testcase classname="SeleniumGrid.AmazonWebUsingParallelTest" name="crossBrowserTest" time="32.029"/>
</testsuite> <!-- SeleniumGrid.AmazonWebUsingParallelTest -->
