<?xml version="1.0" encoding="UTF-8"?>
<!-- Generated by org.testng.reporters.JUnitReportReporter -->
<testsuite hostname="DESKTOP-5OT4PUP" failures="0" tests="3" name="SeleniumGrid.AmazonWebUsingParallelTest" time="96.484" errors="0" timestamp="2025-08-05T22:21:00 IST" skipped="0">
  <testcase classname="SeleniumGrid.AmazonWebUsingParallelTest" name="crossBrowserTest" time="31.697"/>
  <testcase classname="SeleniumGrid.AmazonWebUsingParallelTest" name="crossBrowserTest" time="37.896"/>
  <testcase classname="SeleniumGrid.AmazonWebUsingParallelTest" name="crossBrowserTest" time="26.891"/>
</testsuite> <!-- SeleniumGrid.AmazonWebUsingParallelTest -->
